<?xml version="1.0" encoding="UTF-8"?>
<!-- Generated by org.testng.reporters.JUnitReportReporter -->
<testsuite hostname="MacbookAir" failures="0" tests="6" name="TestCases.TC_02_MyProtien_validation_BaseTest" time="150.611" errors="0" timestamp="2025-02-14T15:29:06 IST" skipped="0">
  <testcase classname="TestCases.TC_02_MyProtien_validation_BaseTest" name="TC_02_Direct_Search" time="45.352"/>
  <system-out/>
  <testcase classname="TestCases.TC_02_MyProtien_validation_BaseTest" name="TC_02_Direct_Search" time="11.493"/>
  <system-out/>
  <testcase classname="TestCases.TC_02_MyProtien_validation_BaseTest" name="TC_02_signUPIntoApplication_using_Registration" time="10.674"/>
  <system-out/>
  <testcase classname="TestCases.TC_02_MyProtien_validation_BaseTest" name="TC_02_signUPIntoApplication_using_Registration" time="16.061"/>
  <system-out/>
  <testcase classname="TestCases.TC_02_MyProtien_validation_BaseTest" name="TC_02_loginIntoApplication_using_Credintails" time="16.983"/>
  <system-out/>
  <testcase classname="TestCases.TC_02_MyProtien_validation_BaseTest" name="TC_02_loginIntoApplication_using_Credintails" time="50.048"/>
  <system-out/>
</testsuite> <!-- TestCases.TC_02_MyProtien_validation_BaseTest -->
