<?xml version="1.0" encoding="UTF-8"?>
<!-- Generated by org.testng.reporters.JUnitReportReporter -->
<testsuite hostname="MacbookAir" failures="0" tests="3" name="TestCases.TC_02_MyProtien_validation_BaseTest" time="129.341" errors="0" timestamp="2025-02-13T16:32:55 IST" skipped="0">
  <testcase classname="TestCases.TC_02_MyProtien_validation_BaseTest" name="TC_02_Direct_Search" time="50.698"/>
  <system-out/>
  <testcase classname="TestCases.TC_02_MyProtien_validation_BaseTest" name="TC_02_signUPIntoApplication_using_Registration" time="36.321"/>
  <system-out/>
  <testcase classname="TestCases.TC_02_MyProtien_validation_BaseTest" name="TC_02_loginIntoApplication_using_Credintails" time="42.322"/>
  <system-out/>
</testsuite> <!-- TestCases.TC_02_MyProtien_validation_BaseTest -->
