<?xml version="1.0" encoding="UTF-8"?>
<!-- Generated by org.testng.reporters.JUnitReportReporter -->
<testsuite hostname="MacbookAir" failures="0" tests="1" name="TestCases.TC_01_MyProtien_Login_using_BaseTest" time="37.547" errors="0" timestamp="2025-02-06T23:04:41 IST" skipped="0">
  <testcase classname="TestCases.TC_01_MyProtien_Login_using_BaseTest" name="Direct_Search" time="37.547"/>
  <system-out/>
</testsuite> <!-- TestCases.TC_01_MyProtien_Login_using_BaseTest -->
