<?xml version="1.0" encoding="UTF-8"?>
<!-- Generated by org.testng.reporters.JUnitReportReporter -->
<testsuite hostname="MacbookAir" failures="0" tests="40" name="org.utils.TestDataProvider" time="0.338" errors="0" timestamp="2025-01-17T22:32:12 IST" skipped="0">
  <testcase classname="org.utils.TestDataProvider" name="testLogin" time="0.003"/>
  <system-out/>
  <testcase classname="org.utils.TestDataProvider" name="testLogin" time="0.004"/>
  <system-out/>
  <testcase classname="org.utils.TestDataProvider" name="testLogin" time="0.001"/>
  <system-out/>
  <testcase classname="org.utils.TestDataProvider" name="testLogin" time="0.003"/>
  <system-out/>
  <testcase classname="org.utils.TestDataProvider" name="testLogin" time="0.003"/>
  <system-out/>
  <testcase classname="org.utils.TestDataProvider" name="testLogin" time="0.005"/>
  <system-out/>
  <testcase classname="org.utils.TestDataProvider" name="testLogin" time="0.002"/>
  <system-out/>
  <testcase classname="org.utils.TestDataProvider" name="testLogin" time="0.002"/>
  <system-out/>
  <testcase classname="org.utils.TestDataProvider" name="testLogin" time="0.005"/>
  <system-out/>
  <testcase classname="org.utils.TestDataProvider" name="testLogin" time="0.002"/>
  <system-out/>
  <testcase classname="org.utils.TestDataProvider" name="testLogin" time="0.004"/>
  <system-out/>
  <testcase classname="org.utils.TestDataProvider" name="testLogin" time="0.002"/>
  <system-out/>
  <testcase classname="org.utils.TestDataProvider" name="testLogin" time="0.003"/>
  <system-out/>
  <testcase classname="org.utils.TestDataProvider" name="testLogin" time="0.006"/>
  <system-out/>
  <testcase classname="org.utils.TestDataProvider" name="testLogin" time="0.002"/>
  <system-out/>
  <testcase classname="org.utils.TestDataProvider" name="testLogin" time="0.005"/>
  <system-out/>
  <testcase classname="org.utils.TestDataProvider" name="testLogin" time="0.005"/>
  <system-out/>
  <testcase classname="org.utils.TestDataProvider" name="testLogin" time="0.005"/>
  <system-out/>
  <testcase classname="org.utils.TestDataProvider" name="testLogin" time="0.002"/>
  <system-out/>
  <testcase classname="org.utils.TestDataProvider" name="testLogin" time="0.007"/>
  <system-out/>
  <testcase classname="org.utils.TestDataProvider" name="testLogin" time="0.004"/>
  <system-out/>
  <testcase classname="org.utils.TestDataProvider" name="testLogin" time="0.006"/>
  <system-out/>
  <testcase classname="org.utils.TestDataProvider" name="testLogin" time="0.001"/>
  <system-out/>
  <testcase classname="org.utils.TestDataProvider" name="testLogin" time="0.003"/>
  <system-out/>
  <testcase classname="org.utils.TestDataProvider" name="testLogin" time="0.003"/>
  <system-out/>
  <testcase classname="org.utils.TestDataProvider" name="testLogin" time="0.198"/>
  <system-out/>
  <testcase classname="org.utils.TestDataProvider" name="testLogin" time="0.007"/>
  <system-out/>
  <testcase classname="org.utils.TestDataProvider" name="testLogin" time="0.002"/>
  <system-out/>
  <testcase classname="org.utils.TestDataProvider" name="testLogin" time="0.003"/>
  <system-out/>
  <testcase classname="org.utils.TestDataProvider" name="testLogin" time="0.003"/>
  <system-out/>
  <testcase classname="org.utils.TestDataProvider" name="testLogin" time="0.006"/>
  <system-out/>
  <testcase classname="org.utils.TestDataProvider" name="testLogin" time="0.005"/>
  <system-out/>
  <testcase classname="org.utils.TestDataProvider" name="testLogin" time="0.004"/>
  <system-out/>
  <testcase classname="org.utils.TestDataProvider" name="testLogin" time="0.002"/>
  <system-out/>
  <testcase classname="org.utils.TestDataProvider" name="testLogin" time="0.003"/>
  <system-out/>
  <testcase classname="org.utils.TestDataProvider" name="testLogin" time="0.001"/>
  <system-out/>
  <testcase classname="org.utils.TestDataProvider" name="testLogin" time="0.007"/>
  <system-out/>
  <testcase classname="org.utils.TestDataProvider" name="testLogin" time="0.004"/>
  <system-out/>
  <testcase classname="org.utils.TestDataProvider" name="testLogin" time="0.003"/>
  <system-out/>
  <testcase classname="org.utils.TestDataProvider" name="testLogin" time="0.002"/>
  <system-out/>
</testsuite> <!-- org.utils.TestDataProvider -->
