<?xml version="1.0" encoding="UTF-8"?>
<!-- Generated by org.testng.reporters.JUnitReportReporter -->
<testsuite hostname="MacbookAir" failures="0" tests="3" name="TestCases.TC_03_MyProtien_validation_repeat_BaseTest" time="102.335" errors="0" timestamp="2025-02-14T16:59:48 IST" skipped="0">
  <testcase classname="TestCases.TC_03_MyProtien_validation_repeat_BaseTest" name="TC_03_Direct_Search" time="35.681"/>
  <system-out/>
  <testcase classname="TestCases.TC_03_MyProtien_validation_repeat_BaseTest" name="TC_03_signUPIntoApplication_using_Registration" time="36.861"/>
  <system-out/>
  <testcase classname="TestCases.TC_03_MyProtien_validation_repeat_BaseTest" name="TC_03_loginIntoApplication_using_Credintails" time="29.793"/>
  <system-out/>
</testsuite> <!-- TestCases.TC_03_MyProtien_validation_repeat_BaseTest -->
