<?xml version="1.0" encoding="UTF-8"?>
<!-- Generated by org.testng.reporters.JUnitReportReporter -->
<testsuite hostname="MacbookAir" failures="0" tests="3" name="TestCases.TC_01_MyProtien_Login_using_BaseTest2" time="33.490" errors="0" timestamp="2025-02-13T13:58:05 IST" skipped="0">
  <testcase classname="TestCases.TC_01_MyProtien_Login_using_BaseTest2" name="Direct_Search" time="18.016"/>
  <system-out/>
  <testcase classname="TestCases.TC_01_MyProtien_Login_using_BaseTest2" name="signUPIntoApplication_using_Registration" time="8.391"/>
  <system-out/>
  <testcase classname="TestCases.TC_01_MyProtien_Login_using_BaseTest2" name="loginIntoApplication_using_Credintails" time="7.083"/>
  <system-out/>
</testsuite> <!-- TestCases.TC_01_MyProtien_Login_using_BaseTest2 -->
